<?xml version="1.0" encoding="UTF-8"?>
<testsuite xmlns:xsi="http://www.w3.org/2001/XMLSchema-instance" xsi:noNamespaceSchemaLocation="https://maven.apache.org/surefire/maven-surefire-plugin/xsd/surefire-test-report-3.0.xsd" version="3.0" name="com.example.demo.Demo3ApplicationTests" time="7.883" tests="1" errors="0" skipped="0" failures="0">
  <properties>
    <property name="java.specification.version" value="17"/>
    <property name="sun.cpu.isalist" value="amd64"/>
    <property name="sun.jnu.encoding" value="MS949"/>
    <property name="java.class.path" value="C:\Users\82109\IdeaProjects\Tongue\target\test-classes;C:\Users\82109\IdeaProjects\Tongue\target\classes;C:\Users\82109\.m2\repository\org\springframework\boot\spring-boot-starter-web\3.2.5\spring-boot-starter-web-3.2.5.jar;C:\Users\82109\.m2\repository\org\springframework\boot\spring-boot-starter\3.2.5\spring-boot-starter-3.2.5.jar;C:\Users\82109\.m2\repository\org\springframework\boot\spring-boot-starter-logging\3.2.5\spring-boot-starter-logging-3.2.5.jar;C:\Users\82109\.m2\repository\ch\qos\logback\logback-classic\1.4.14\logback-classic-1.4.14.jar;C:\Users\82109\.m2\repository\ch\qos\logback\logback-core\1.4.14\logback-core-1.4.14.jar;C:\Users\82109\.m2\repository\org\apache\logging\log4j\log4j-to-slf4j\2.21.1\log4j-to-slf4j-2.21.1.jar;C:\Users\82109\.m2\repository\org\apache\logging\log4j\log4j-api\2.21.1\log4j-api-2.21.1.jar;C:\Users\82109\.m2\repository\org\slf4j\jul-to-slf4j\2.0.13\jul-to-slf4j-2.0.13.jar;C:\Users\82109\.m2\repository\jakarta\annotation\jakarta.annotation-api\2.1.1\jakarta.annotation-api-2.1.1.jar;C:\Users\82109\.m2\repository\org\yaml\snakeyaml\2.2\snakeyaml-2.2.jar;C:\Users\82109\.m2\repository\org\springframework\boot\spring-boot-starter-json\3.2.5\spring-boot-starter-json-3.2.5.jar;C:\Users\82109\.m2\repository\com\fasterxml\jackson\datatype\jackson-datatype-jdk8\2.15.4\jackson-datatype-jdk8-2.15.4.jar;C:\Users\82109\.m2\repository\com\fasterxml\jackson\datatype\jackson-datatype-jsr310\2.15.4\jackson-datatype-jsr310-2.15.4.jar;C:\Users\82109\.m2\repository\com\fasterxml\jackson\module\jackson-module-parameter-names\2.15.4\jackson-module-parameter-names-2.15.4.jar;C:\Users\82109\.m2\repository\org\springframework\boot\spring-boot-starter-tomcat\3.2.5\spring-boot-starter-tomcat-3.2.5.jar;C:\Users\82109\.m2\repository\org\apache\tomcat\embed\tomcat-embed-core\10.1.20\tomcat-embed-core-10.1.20.jar;C:\Users\82109\.m2\repository\org\apache\tomcat\embed\tomcat-embed-el\10.1.20\tomcat-embed-el-10.1.20.jar;C:\Users\82109\.m2\repository\org\apache\tomcat\embed\tomcat-embed-websocket\10.1.20\tomcat-embed-websocket-10.1.20.jar;C:\Users\82109\.m2\repository\org\springframework\spring-web\6.1.6\spring-web-6.1.6.jar;C:\Users\82109\.m2\repository\org\springframework\spring-beans\6.1.6\spring-beans-6.1.6.jar;C:\Users\82109\.m2\repository\io\micrometer\micrometer-observation\1.12.5\micrometer-observation-1.12.5.jar;C:\Users\82109\.m2\repository\io\micrometer\micrometer-commons\1.12.5\micrometer-commons-1.12.5.jar;C:\Users\82109\.m2\repository\org\springframework\spring-webmvc\6.1.6\spring-webmvc-6.1.6.jar;C:\Users\82109\.m2\repository\org\springframework\spring-context\6.1.6\spring-context-6.1.6.jar;C:\Users\82109\.m2\repository\org\springframework\spring-expression\6.1.6\spring-expression-6.1.6.jar;C:\Users\82109\.m2\repository\org\springframework\boot\spring-boot-starter-web-services\3.2.5\spring-boot-starter-web-services-3.2.5.jar;C:\Users\82109\.m2\repository\com\sun\xml\messaging\saaj\saaj-impl\3.0.3\saaj-impl-3.0.3.jar;C:\Users\82109\.m2\repository\jakarta\xml\soap\jakarta.xml.soap-api\3.0.1\jakarta.xml.soap-api-3.0.1.jar;C:\Users\82109\.m2\repository\org\jvnet\staxex\stax-ex\2.1.0\stax-ex-2.1.0.jar;C:\Users\82109\.m2\repository\jakarta\activation\jakarta.activation-api\2.1.3\jakarta.activation-api-2.1.3.jar;C:\Users\82109\.m2\repository\org\eclipse\angus\angus-activation\2.0.2\angus-activation-2.0.2.jar;C:\Users\82109\.m2\repository\jakarta\xml\ws\jakarta.xml.ws-api\4.0.1\jakarta.xml.ws-api-4.0.1.jar;C:\Users\82109\.m2\repository\org\springframework\spring-oxm\6.1.6\spring-oxm-6.1.6.jar;C:\Users\82109\.m2\repository\org\springframework\ws\spring-ws-core\4.0.10\spring-ws-core-4.0.10.jar;C:\Users\82109\.m2\repository\org\springframework\ws\spring-xml\4.0.10\spring-xml-4.0.10.jar;C:\Users\82109\.m2\repository\org\glassfish\jaxb\jaxb-runtime\4.0.5\jaxb-runtime-4.0.5.jar;C:\Users\82109\.m2\repository\org\glassfish\jaxb\jaxb-core\4.0.5\jaxb-core-4.0.5.jar;C:\Users\82109\.m2\repository\org\glassfish\jaxb\txw2\4.0.5\txw2-4.0.5.jar;C:\Users\82109\.m2\repository\com\sun\istack\istack-commons-runtime\4.1.2\istack-commons-runtime-4.1.2.jar;C:\Users\82109\.m2\repository\org\mybatis\spring\boot\mybatis-spring-boot-starter\3.0.3\mybatis-spring-boot-starter-3.0.3.jar;C:\Users\82109\.m2\repository\org\springframework\boot\spring-boot-starter-jdbc\3.2.5\spring-boot-starter-jdbc-3.2.5.jar;C:\Users\82109\.m2\repository\com\zaxxer\HikariCP\5.0.1\HikariCP-5.0.1.jar;C:\Users\82109\.m2\repository\org\springframework\spring-jdbc\6.1.6\spring-jdbc-6.1.6.jar;C:\Users\82109\.m2\repository\org\mybatis\spring\boot\mybatis-spring-boot-autoconfigure\3.0.3\mybatis-spring-boot-autoconfigure-3.0.3.jar;C:\Users\82109\.m2\repository\org\mybatis\mybatis\3.5.14\mybatis-3.5.14.jar;C:\Users\82109\.m2\repository\org\mybatis\mybatis-spring\3.0.3\mybatis-spring-3.0.3.jar;C:\Users\82109\.m2\repository\org\springframework\boot\spring-boot-devtools\3.2.5\spring-boot-devtools-3.2.5.jar;C:\Users\82109\.m2\repository\org\springframework\boot\spring-boot\3.2.5\spring-boot-3.2.5.jar;C:\Users\82109\.m2\repository\org\springframework\boot\spring-boot-autoconfigure\3.2.5\spring-boot-autoconfigure-3.2.5.jar;C:\Users\82109\.m2\repository\com\mysql\mysql-connector-j\8.3.0\mysql-connector-j-8.3.0.jar;C:\Users\82109\.m2\repository\org\springframework\boot\spring-boot-starter-test\3.2.5\spring-boot-starter-test-3.2.5.jar;C:\Users\82109\.m2\repository\org\springframework\boot\spring-boot-test\3.2.5\spring-boot-test-3.2.5.jar;C:\Users\82109\.m2\repository\org\springframework\boot\spring-boot-test-autoconfigure\3.2.5\spring-boot-test-autoconfigure-3.2.5.jar;C:\Users\82109\.m2\repository\com\jayway\jsonpath\json-path\2.9.0\json-path-2.9.0.jar;C:\Users\82109\.m2\repository\org\slf4j\slf4j-api\2.0.13\slf4j-api-2.0.13.jar;C:\Users\82109\.m2\repository\jakarta\xml\bind\jakarta.xml.bind-api\4.0.2\jakarta.xml.bind-api-4.0.2.jar;C:\Users\82109\.m2\repository\net\minidev\json-smart\2.5.1\json-smart-2.5.1.jar;C:\Users\82109\.m2\repository\net\minidev\accessors-smart\2.5.1\accessors-smart-2.5.1.jar;C:\Users\82109\.m2\repository\org\ow2\asm\asm\9.6\asm-9.6.jar;C:\Users\82109\.m2\repository\org\assertj\assertj-core\3.24.2\assertj-core-3.24.2.jar;C:\Users\82109\.m2\repository\net\bytebuddy\byte-buddy\1.14.13\byte-buddy-1.14.13.jar;C:\Users\82109\.m2\repository\org\awaitility\awaitility\4.2.1\awaitility-4.2.1.jar;C:\Users\82109\.m2\repository\org\hamcrest\hamcrest\2.2\hamcrest-2.2.jar;C:\Users\82109\.m2\repository\org\junit\jupiter\junit-jupiter\5.10.2\junit-jupiter-5.10.2.jar;C:\Users\82109\.m2\repository\org\junit\jupiter\junit-jupiter-api\5.10.2\junit-jupiter-api-5.10.2.jar;C:\Users\82109\.m2\repository\org\opentest4j\opentest4j\1.3.0\opentest4j-1.3.0.jar;C:\Users\82109\.m2\repository\org\junit\platform\junit-platform-commons\1.10.2\junit-platform-commons-1.10.2.jar;C:\Users\82109\.m2\repository\org\apiguardian\apiguardian-api\1.1.2\apiguardian-api-1.1.2.jar;C:\Users\82109\.m2\repository\org\junit\jupiter\junit-jupiter-params\5.10.2\junit-jupiter-params-5.10.2.jar;C:\Users\82109\.m2\repository\org\junit\jupiter\junit-jupiter-engine\5.10.2\junit-jupiter-engine-5.10.2.jar;C:\Users\82109\.m2\repository\org\junit\platform\junit-platform-engine\1.10.2\junit-platform-engine-1.10.2.jar;C:\Users\82109\.m2\repository\org\mockito\mockito-core\5.7.0\mockito-core-5.7.0.jar;C:\Users\82109\.m2\repository\net\bytebuddy\byte-buddy-agent\1.14.13\byte-buddy-agent-1.14.13.jar;C:\Users\82109\.m2\repository\org\objenesis\objenesis\3.3\objenesis-3.3.jar;C:\Users\82109\.m2\repository\org\mockito\mockito-junit-jupiter\5.7.0\mockito-junit-jupiter-5.7.0.jar;C:\Users\82109\.m2\repository\org\skyscreamer\jsonassert\1.5.1\jsonassert-1.5.1.jar;C:\Users\82109\.m2\repository\com\vaadin\external\google\android-json\0.0.20131108.vaadin1\android-json-0.0.20131108.vaadin1.jar;C:\Users\82109\.m2\repository\org\springframework\spring-core\6.1.6\spring-core-6.1.6.jar;C:\Users\82109\.m2\repository\org\springframework\spring-jcl\6.1.6\spring-jcl-6.1.6.jar;C:\Users\82109\.m2\repository\org\springframework\spring-test\6.1.6\spring-test-6.1.6.jar;C:\Users\82109\.m2\repository\org\xmlunit\xmlunit-core\2.9.1\xmlunit-core-2.9.1.jar;C:\Users\82109\.m2\repository\org\mybatis\spring\boot\mybatis-spring-boot-starter-test\3.0.3\mybatis-spring-boot-starter-test-3.0.3.jar;C:\Users\82109\.m2\repository\org\mybatis\spring\boot\mybatis-spring-boot-test-autoconfigure\3.0.3\mybatis-spring-boot-test-autoconfigure-3.0.3.jar;C:\Users\82109\.m2\repository\org\springframework\spring-tx\6.1.6\spring-tx-6.1.6.jar;C:\Users\82109\.m2\repository\org\projectlombok\lombok\1.18.32\lombok-1.18.32.jar;C:\Users\82109\.m2\repository\org\springframework\boot\spring-boot-starter-security\3.2.5\spring-boot-starter-security-3.2.5.jar;C:\Users\82109\.m2\repository\org\springframework\spring-aop\6.1.6\spring-aop-6.1.6.jar;C:\Users\82109\.m2\repository\org\springframework\security\spring-security-config\6.2.4\spring-security-config-6.2.4.jar;C:\Users\82109\.m2\repository\org\springframework\security\spring-security-core\6.2.4\spring-security-core-6.2.4.jar;C:\Users\82109\.m2\repository\org\springframework\security\spring-security-crypto\6.2.4\spring-security-crypto-6.2.4.jar;C:\Users\82109\.m2\repository\org\springframework\security\spring-security-web\6.2.4\spring-security-web-6.2.4.jar;C:\Users\82109\.m2\repository\io\jsonwebtoken\jjwt-api\0.12.3\jjwt-api-0.12.3.jar;C:\Users\82109\.m2\repository\io\jsonwebtoken\jjwt-impl\0.12.3\jjwt-impl-0.12.3.jar;C:\Users\82109\.m2\repository\io\jsonwebtoken\jjwt-jackson\0.12.3\jjwt-jackson-0.12.3.jar;C:\Users\82109\.m2\repository\com\fasterxml\jackson\core\jackson-databind\2.15.4\jackson-databind-2.15.4.jar;C:\Users\82109\.m2\repository\com\fasterxml\jackson\core\jackson-annotations\2.15.4\jackson-annotations-2.15.4.jar;C:\Users\82109\.m2\repository\com\fasterxml\jackson\core\jackson-core\2.15.4\jackson-core-2.15.4.jar;"/>
    <property name="java.vm.vendor" value="Oracle Corporation"/>
    <property name="sun.arch.data.model" value="64"/>
    <property name="user.variant" value=""/>
    <property name="java.vendor.url" value="https://java.oracle.com/"/>
    <property name="user.timezone" value="Asia/Seoul"/>
    <property name="os.name" value="Windows 11"/>
    <property name="java.vm.specification.version" value="17"/>
    <property name="sun.java.launcher" value="SUN_STANDARD"/>
    <property name="user.country" value="KR"/>
    <property name="sun.boot.library.path" value="C:\Program Files\Java\jdk-17\bin"/>
    <property name="sun.java.command" value="C:\Users\82109\AppData\Local\Temp\surefire1680214341207551436\surefirebooter-20240505010251216_3.jar C:\Users\82109\AppData\Local\Temp\surefire1680214341207551436 2024-05-05T01-02-50_852-jvmRun1 surefire-20240505010251216_1tmp surefire_0-20240505010251216_2tmp"/>
    <property name="jdk.debug" value="release"/>
    <property name="surefire.test.class.path" value="C:\Users\82109\IdeaProjects\Tongue\target\test-classes;C:\Users\82109\IdeaProjects\Tongue\target\classes;C:\Users\82109\.m2\repository\org\springframework\boot\spring-boot-starter-web\3.2.5\spring-boot-starter-web-3.2.5.jar;C:\Users\82109\.m2\repository\org\springframework\boot\spring-boot-starter\3.2.5\spring-boot-starter-3.2.5.jar;C:\Users\82109\.m2\repository\org\springframework\boot\spring-boot-starter-logging\3.2.5\spring-boot-starter-logging-3.2.5.jar;C:\Users\82109\.m2\repository\ch\qos\logback\logback-classic\1.4.14\logback-classic-1.4.14.jar;C:\Users\82109\.m2\repository\ch\qos\logback\logback-core\1.4.14\logback-core-1.4.14.jar;C:\Users\82109\.m2\repository\org\apache\logging\log4j\log4j-to-slf4j\2.21.1\log4j-to-slf4j-2.21.1.jar;C:\Users\82109\.m2\repository\org\apache\logging\log4j\log4j-api\2.21.1\log4j-api-2.21.1.jar;C:\Users\82109\.m2\repository\org\slf4j\jul-to-slf4j\2.0.13\jul-to-slf4j-2.0.13.jar;C:\Users\82109\.m2\repository\jakarta\annotation\jakarta.annotation-api\2.1.1\jakarta.annotation-api-2.1.1.jar;C:\Users\82109\.m2\repository\org\yaml\snakeyaml\2.2\snakeyaml-2.2.jar;C:\Users\82109\.m2\repository\org\springframework\boot\spring-boot-starter-json\3.2.5\spring-boot-starter-json-3.2.5.jar;C:\Users\82109\.m2\repository\com\fasterxml\jackson\datatype\jackson-datatype-jdk8\2.15.4\jackson-datatype-jdk8-2.15.4.jar;C:\Users\82109\.m2\repository\com\fasterxml\jackson\datatype\jackson-datatype-jsr310\2.15.4\jackson-datatype-jsr310-2.15.4.jar;C:\Users\82109\.m2\repository\com\fasterxml\jackson\module\jackson-module-parameter-names\2.15.4\jackson-module-parameter-names-2.15.4.jar;C:\Users\82109\.m2\repository\org\springframework\boot\spring-boot-starter-tomcat\3.2.5\spring-boot-starter-tomcat-3.2.5.jar;C:\Users\82109\.m2\repository\org\apache\tomcat\embed\tomcat-embed-core\10.1.20\tomcat-embed-core-10.1.20.jar;C:\Users\82109\.m2\repository\org\apache\tomcat\embed\tomcat-embed-el\10.1.20\tomcat-embed-el-10.1.20.jar;C:\Users\82109\.m2\repository\org\apache\tomcat\embed\tomcat-embed-websocket\10.1.20\tomcat-embed-websocket-10.1.20.jar;C:\Users\82109\.m2\repository\org\springframework\spring-web\6.1.6\spring-web-6.1.6.jar;C:\Users\82109\.m2\repository\org\springframework\spring-beans\6.1.6\spring-beans-6.1.6.jar;C:\Users\82109\.m2\repository\io\micrometer\micrometer-observation\1.12.5\micrometer-observation-1.12.5.jar;C:\Users\82109\.m2\repository\io\micrometer\micrometer-commons\1.12.5\micrometer-commons-1.12.5.jar;C:\Users\82109\.m2\repository\org\springframework\spring-webmvc\6.1.6\spring-webmvc-6.1.6.jar;C:\Users\82109\.m2\repository\org\springframework\spring-context\6.1.6\spring-context-6.1.6.jar;C:\Users\82109\.m2\repository\org\springframework\spring-expression\6.1.6\spring-expression-6.1.6.jar;C:\Users\82109\.m2\repository\org\springframework\boot\spring-boot-starter-web-services\3.2.5\spring-boot-starter-web-services-3.2.5.jar;C:\Users\82109\.m2\repository\com\sun\xml\messaging\saaj\saaj-impl\3.0.3\saaj-impl-3.0.3.jar;C:\Users\82109\.m2\repository\jakarta\xml\soap\jakarta.xml.soap-api\3.0.1\jakarta.xml.soap-api-3.0.1.jar;C:\Users\82109\.m2\repository\org\jvnet\staxex\stax-ex\2.1.0\stax-ex-2.1.0.jar;C:\Users\82109\.m2\repository\jakarta\activation\jakarta.activation-api\2.1.3\jakarta.activation-api-2.1.3.jar;C:\Users\82109\.m2\repository\org\eclipse\angus\angus-activation\2.0.2\angus-activation-2.0.2.jar;C:\Users\82109\.m2\repository\jakarta\xml\ws\jakarta.xml.ws-api\4.0.1\jakarta.xml.ws-api-4.0.1.jar;C:\Users\82109\.m2\repository\org\springframework\spring-oxm\6.1.6\spring-oxm-6.1.6.jar;C:\Users\82109\.m2\repository\org\springframework\ws\spring-ws-core\4.0.10\spring-ws-core-4.0.10.jar;C:\Users\82109\.m2\repository\org\springframework\ws\spring-xml\4.0.10\spring-xml-4.0.10.jar;C:\Users\82109\.m2\repository\org\glassfish\jaxb\jaxb-runtime\4.0.5\jaxb-runtime-4.0.5.jar;C:\Users\82109\.m2\repository\org\glassfish\jaxb\jaxb-core\4.0.5\jaxb-core-4.0.5.jar;C:\Users\82109\.m2\repository\org\glassfish\jaxb\txw2\4.0.5\txw2-4.0.5.jar;C:\Users\82109\.m2\repository\com\sun\istack\istack-commons-runtime\4.1.2\istack-commons-runtime-4.1.2.jar;C:\Users\82109\.m2\repository\org\mybatis\spring\boot\mybatis-spring-boot-starter\3.0.3\mybatis-spring-boot-starter-3.0.3.jar;C:\Users\82109\.m2\repository\org\springframework\boot\spring-boot-starter-jdbc\3.2.5\spring-boot-starter-jdbc-3.2.5.jar;C:\Users\82109\.m2\repository\com\zaxxer\HikariCP\5.0.1\HikariCP-5.0.1.jar;C:\Users\82109\.m2\repository\org\springframework\spring-jdbc\6.1.6\spring-jdbc-6.1.6.jar;C:\Users\82109\.m2\repository\org\mybatis\spring\boot\mybatis-spring-boot-autoconfigure\3.0.3\mybatis-spring-boot-autoconfigure-3.0.3.jar;C:\Users\82109\.m2\repository\org\mybatis\mybatis\3.5.14\mybatis-3.5.14.jar;C:\Users\82109\.m2\repository\org\mybatis\mybatis-spring\3.0.3\mybatis-spring-3.0.3.jar;C:\Users\82109\.m2\repository\org\springframework\boot\spring-boot-devtools\3.2.5\spring-boot-devtools-3.2.5.jar;C:\Users\82109\.m2\repository\org\springframework\boot\spring-boot\3.2.5\spring-boot-3.2.5.jar;C:\Users\82109\.m2\repository\org\springframework\boot\spring-boot-autoconfigure\3.2.5\spring-boot-autoconfigure-3.2.5.jar;C:\Users\82109\.m2\repository\com\mysql\mysql-connector-j\8.3.0\mysql-connector-j-8.3.0.jar;C:\Users\82109\.m2\repository\org\springframework\boot\spring-boot-starter-test\3.2.5\spring-boot-starter-test-3.2.5.jar;C:\Users\82109\.m2\repository\org\springframework\boot\spring-boot-test\3.2.5\spring-boot-test-3.2.5.jar;C:\Users\82109\.m2\repository\org\springframework\boot\spring-boot-test-autoconfigure\3.2.5\spring-boot-test-autoconfigure-3.2.5.jar;C:\Users\82109\.m2\repository\com\jayway\jsonpath\json-path\2.9.0\json-path-2.9.0.jar;C:\Users\82109\.m2\repository\org\slf4j\slf4j-api\2.0.13\slf4j-api-2.0.13.jar;C:\Users\82109\.m2\repository\jakarta\xml\bind\jakarta.xml.bind-api\4.0.2\jakarta.xml.bind-api-4.0.2.jar;C:\Users\82109\.m2\repository\net\minidev\json-smart\2.5.1\json-smart-2.5.1.jar;C:\Users\82109\.m2\repository\net\minidev\accessors-smart\2.5.1\accessors-smart-2.5.1.jar;C:\Users\82109\.m2\repository\org\ow2\asm\asm\9.6\asm-9.6.jar;C:\Users\82109\.m2\repository\org\assertj\assertj-core\3.24.2\assertj-core-3.24.2.jar;C:\Users\82109\.m2\repository\net\bytebuddy\byte-buddy\1.14.13\byte-buddy-1.14.13.jar;C:\Users\82109\.m2\repository\org\awaitility\awaitility\4.2.1\awaitility-4.2.1.jar;C:\Users\82109\.m2\repository\org\hamcrest\hamcrest\2.2\hamcrest-2.2.jar;C:\Users\82109\.m2\repository\org\junit\jupiter\junit-jupiter\5.10.2\junit-jupiter-5.10.2.jar;C:\Users\82109\.m2\repository\org\junit\jupiter\junit-jupiter-api\5.10.2\junit-jupiter-api-5.10.2.jar;C:\Users\82109\.m2\repository\org\opentest4j\opentest4j\1.3.0\opentest4j-1.3.0.jar;C:\Users\82109\.m2\repository\org\junit\platform\junit-platform-commons\1.10.2\junit-platform-commons-1.10.2.jar;C:\Users\82109\.m2\repository\org\apiguardian\apiguardian-api\1.1.2\apiguardian-api-1.1.2.jar;C:\Users\82109\.m2\repository\org\junit\jupiter\junit-jupiter-params\5.10.2\junit-jupiter-params-5.10.2.jar;C:\Users\82109\.m2\repository\org\junit\jupiter\junit-jupiter-engine\5.10.2\junit-jupiter-engine-5.10.2.jar;C:\Users\82109\.m2\repository\org\junit\platform\junit-platform-engine\1.10.2\junit-platform-engine-1.10.2.jar;C:\Users\82109\.m2\repository\org\mockito\mockito-core\5.7.0\mockito-core-5.7.0.jar;C:\Users\82109\.m2\repository\net\bytebuddy\byte-buddy-agent\1.14.13\byte-buddy-agent-1.14.13.jar;C:\Users\82109\.m2\repository\org\objenesis\objenesis\3.3\objenesis-3.3.jar;C:\Users\82109\.m2\repository\org\mockito\mockito-junit-jupiter\5.7.0\mockito-junit-jupiter-5.7.0.jar;C:\Users\82109\.m2\repository\org\skyscreamer\jsonassert\1.5.1\jsonassert-1.5.1.jar;C:\Users\82109\.m2\repository\com\vaadin\external\google\android-json\0.0.20131108.vaadin1\android-json-0.0.20131108.vaadin1.jar;C:\Users\82109\.m2\repository\org\springframework\spring-core\6.1.6\spring-core-6.1.6.jar;C:\Users\82109\.m2\repository\org\springframework\spring-jcl\6.1.6\spring-jcl-6.1.6.jar;C:\Users\82109\.m2\repository\org\springframework\spring-test\6.1.6\spring-test-6.1.6.jar;C:\Users\82109\.m2\repository\org\xmlunit\xmlunit-core\2.9.1\xmlunit-core-2.9.1.jar;C:\Users\82109\.m2\repository\org\mybatis\spring\boot\mybatis-spring-boot-starter-test\3.0.3\mybatis-spring-boot-starter-test-3.0.3.jar;C:\Users\82109\.m2\repository\org\mybatis\spring\boot\mybatis-spring-boot-test-autoconfigure\3.0.3\mybatis-spring-boot-test-autoconfigure-3.0.3.jar;C:\Users\82109\.m2\repository\org\springframework\spring-tx\6.1.6\spring-tx-6.1.6.jar;C:\Users\82109\.m2\repository\org\projectlombok\lombok\1.18.32\lombok-1.18.32.jar;C:\Users\82109\.m2\repository\org\springframework\boot\spring-boot-starter-security\3.2.5\spring-boot-starter-security-3.2.5.jar;C:\Users\82109\.m2\repository\org\springframework\spring-aop\6.1.6\spring-aop-6.1.6.jar;C:\Users\82109\.m2\repository\org\springframework\security\spring-security-config\6.2.4\spring-security-config-6.2.4.jar;C:\Users\82109\.m2\repository\org\springframework\security\spring-security-core\6.2.4\spring-security-core-6.2.4.jar;C:\Users\82109\.m2\repository\org\springframework\security\spring-security-crypto\6.2.4\spring-security-crypto-6.2.4.jar;C:\Users\82109\.m2\repository\org\springframework\security\spring-security-web\6.2.4\spring-security-web-6.2.4.jar;C:\Users\82109\.m2\repository\io\jsonwebtoken\jjwt-api\0.12.3\jjwt-api-0.12.3.jar;C:\Users\82109\.m2\repository\io\jsonwebtoken\jjwt-impl\0.12.3\jjwt-impl-0.12.3.jar;C:\Users\82109\.m2\repository\io\jsonwebtoken\jjwt-jackson\0.12.3\jjwt-jackson-0.12.3.jar;C:\Users\82109\.m2\repository\com\fasterxml\jackson\core\jackson-databind\2.15.4\jackson-databind-2.15.4.jar;C:\Users\82109\.m2\repository\com\fasterxml\jackson\core\jackson-annotations\2.15.4\jackson-annotations-2.15.4.jar;C:\Users\82109\.m2\repository\com\fasterxml\jackson\core\jackson-core\2.15.4\jackson-core-2.15.4.jar;"/>
    <property name="sun.cpu.endian" value="little"/>
    <property name="user.home" value="C:\Users\82109"/>
    <property name="user.language" value="ko"/>
    <property name="java.specification.vendor" value="Oracle Corporation"/>
    <property name="java.version.date" value="2024-04-16"/>
    <property name="java.home" value="C:\Program Files\Java\jdk-17"/>
    <property name="file.separator" value="\"/>
    <property name="basedir" value="C:\Users\82109\IdeaProjects\Tongue"/>
    <property name="java.vm.compressedOopsMode" value="Zero based"/>
    <property name="line.separator" value="&#10;"/>
    <property name="java.vm.specification.vendor" value="Oracle Corporation"/>
    <property name="java.specification.name" value="Java Platform API Specification"/>
    <property name="FILE_LOG_CHARSET" value="x-windows-949"/>
    <property name="java.awt.headless" value="true"/>
    <property name="surefire.real.class.path" value="C:\Users\82109\AppData\Local\Temp\surefire1680214341207551436\surefirebooter-20240505010251216_3.jar"/>
    <property name="user.script" value=""/>
    <property name="sun.management.compiler" value="HotSpot 64-Bit Tiered Compilers"/>
    <property name="java.runtime.version" value="17.0.11+7-LTS-207"/>
    <property name="user.name" value="고다현"/>
    <property name="path.separator" value=";"/>
    <property name="os.version" value="10.0"/>
    <property name="java.runtime.name" value="Java(TM) SE Runtime Environment"/>
    <property name="file.encoding" value="MS949"/>
    <property name="java.vm.name" value="Java HotSpot(TM) 64-Bit Server VM"/>
    <property name="localRepository" value="C:\Users\82109\.m2\repository"/>
    <property name="java.vendor.url.bug" value="https://bugreport.java.com/bugreport/"/>
    <property name="java.io.tmpdir" value="C:\Users\82109\AppData\Local\Temp\"/>
    <property name="java.version" value="17.0.11"/>
    <property name="user.dir" value="C:\Users\82109\IdeaProjects\Tongue"/>
    <property name="os.arch" value="amd64"/>
    <property name="java.vm.specification.name" value="Java Virtual Machine Specification"/>
    <property name="PID" value="177308"/>
    <property name="sun.os.patch.level" value=""/>
    <property name="CONSOLE_LOG_CHARSET" value="x-windows-949"/>
    <property name="native.encoding" value="MS949"/>
    <property name="java.library.path" value="C:\Program Files\Java\jdk-17\bin;C:\WINDOWS\Sun\Java\bin;C:\WINDOWS\system32;C:\WINDOWS;C:\Program Files\Java\jdk-17\bin\;C:\Users\82109\apache-maven-3.9.6\bin;C:\Program Files\Eclipse Adoptium\jdk-11.0.19.7-hotspot\bin;C:\Program Files\Microsoft\jdk-11.0.16.101-hotspot\bin;C:\WINDOWS\system32;C:\WINDOWS;C:\WINDOWS\System32\Wbem;&quot;C:\Program Files\Java\jdk-17\bin;C:\WINDOWS\System32\WindowsPowerShell\v1.0\&quot;;C:\WINDOWS\System32\OpenSSH\;C:\Program Files\nodejs\;C:\Program Files\PuTTY\;C:\Program Files (x86)\Microsoft SQL Server\160\Tools\Binn\;C:\Program Files\Microsoft SQL Server\160\Tools\Binn\;C:\Program Files\Microsoft SQL Server\Client SDK\ODBC\170\Tools\Binn\;C:\Program Files\Microsoft SQL Server\160\DTS\Binn\;C:\Program Files\dotnet\;C:\Program Files\OpenSSL-Win64\bin;C:\Program Files\Git\cmd;C:\Program Files\Docker\Docker\resources\bin;C:\Program Files\Java\jdk-17;C:\WINDOWS\System32\WindowsPowerShell\v1.0\;C:\Program Files\Microsoft SQL Server\150\Tools\Binn\;C:\Program Files\MySQL\MySQL Shell 8.0\bin\;C:\Users\82109\AppData\Local\Microsoft\WindowsApps;C:\Users\82109\AppData\Local\Programs\Microsoft VS Code\bin;C:\Program Files\Bandizip\;C:\Program Files (x86)\SoftForum\XecureHSM\;C:\Users\82109\AppData\Roaming\npm;C:\Program Files\Azure Data Studio\bin;C:\Users\82109\.dotnet\tools;C:\Program Files\JetBrains\IntelliJ IDEA 2023.2\bin;C:\Users\82109\AppData\Local\Microsoft\WindowsApps;."/>
    <property name="java.vm.info" value="mixed mode, sharing"/>
    <property name="java.vendor" value="Oracle Corporation"/>
    <property name="java.vm.version" value="17.0.11+7-LTS-207"/>
    <property name="sun.io.unicode.encoding" value="UnicodeLittle"/>
    <property name="java.class.version" value="61.0"/>
    <property name="LOGGED_APPLICATION_NAME" value="[demo3] "/>
  </properties>
  <testcase name="contextLoads" classname="com.example.demo.Demo3ApplicationTests" time="1.787">
    <system-out><![CDATA[01:02:52.700 [main] INFO org.springframework.test.context.support.AnnotationConfigContextLoaderUtils -- Could not detect default configuration classes for test class [com.example.demo.Demo3ApplicationTests]: Demo3ApplicationTests does not declare any static, non-private, non-final, nested classes annotated with @Configuration.
01:02:52.909 [main] INFO org.springframework.boot.test.context.SpringBootTestContextBootstrapper -- Found @SpringBootConfiguration com.example.demo.Demo3Application for test class com.example.demo.Demo3ApplicationTests
01:02:53.214 [main] INFO org.springframework.boot.devtools.restart.RestartApplicationListener -- Restart disabled due to context in which it is running

  .   ____          _            __ _ _
 /\\ / ___'_ __ _ _(_)_ __  __ _ \ \ \ \
( ( )\___ | '_ | '_| | '_ \/ _` | \ \ \ \
 \\/  ___)| |_)| | | | | || (_| |  ) ) ) )
  '  |____| .__|_| |_|_| |_\__, | / / / /
 =========|_|==============|___/=/_/_/_/
 :: Spring Boot ::                (v3.2.5)

2024-05-05T01:02:53.677+09:00  INFO 177308 --- [demo3] [           main] com.example.demo.Demo3ApplicationTests   : Starting Demo3ApplicationTests using Java 17.0.11 with PID 177308 (started by 고다현 in C:\Users\82109\IdeaProjects\Tongue)
2024-05-05T01:02:53.680+09:00  INFO 177308 --- [demo3] [           main] com.example.demo.Demo3ApplicationTests   : No active profile set, falling back to 1 default profile: "default"
2024-05-05T01:02:55.453+09:00  WARN 177308 --- [demo3] [           main] trationDelegate$BeanPostProcessorChecker : Bean 'org.springframework.ws.config.annotation.DelegatingWsConfiguration' of type [org.springframework.ws.config.annotation.DelegatingWsConfiguration$$SpringCGLIB$$0] is not eligible for getting processed by all BeanPostProcessors (for example: not eligible for auto-proxying). The currently created BeanPostProcessor [annotationActionEndpointMapping] is declared through a non-static factory method on that class; consider declaring it as static instead.
2024-05-05T01:02:55.528+09:00  INFO 177308 --- [demo3] [           main] .w.s.a.s.AnnotationActionEndpointMapping : Supporting [WS-Addressing August 2004, WS-Addressing 1.0]
2024-05-05T01:02:55.884+09:00 DEBUG 177308 --- [demo3] [           main] com.zaxxer.hikari.HikariConfig           : Driver class com.mysql.cj.jdbc.Driver found in Thread context class loader jdk.internal.loader.ClassLoaders$AppClassLoader@70dea4e
2024-05-05T01:02:55.910+09:00 DEBUG 177308 --- [demo3] [           main] com.zaxxer.hikari.HikariConfig           : hikari-pool - configuration:
2024-05-05T01:02:55.919+09:00 DEBUG 177308 --- [demo3] [           main] com.zaxxer.hikari.HikariConfig           : allowPoolSuspension.............false
2024-05-05T01:02:55.920+09:00 DEBUG 177308 --- [demo3] [           main] com.zaxxer.hikari.HikariConfig           : autoCommit......................true
2024-05-05T01:02:55.921+09:00 DEBUG 177308 --- [demo3] [           main] com.zaxxer.hikari.HikariConfig           : catalog.........................none
2024-05-05T01:02:55.921+09:00 DEBUG 177308 --- [demo3] [           main] com.zaxxer.hikari.HikariConfig           : connectionInitSql..............."SELECT 1"
2024-05-05T01:02:55.921+09:00 DEBUG 177308 --- [demo3] [           main] com.zaxxer.hikari.HikariConfig           : connectionTestQuery.............none
2024-05-05T01:02:55.922+09:00 DEBUG 177308 --- [demo3] [           main] com.zaxxer.hikari.HikariConfig           : connectionTimeout...............5000
2024-05-05T01:02:55.922+09:00 DEBUG 177308 --- [demo3] [           main] com.zaxxer.hikari.HikariConfig           : dataSource......................none
2024-05-05T01:02:55.922+09:00 DEBUG 177308 --- [demo3] [           main] com.zaxxer.hikari.HikariConfig           : dataSourceClassName.............none
2024-05-05T01:02:55.923+09:00 DEBUG 177308 --- [demo3] [           main] com.zaxxer.hikari.HikariConfig           : dataSourceJNDI..................none
2024-05-05T01:02:55.923+09:00 DEBUG 177308 --- [demo3] [           main] com.zaxxer.hikari.HikariConfig           : dataSourceProperties............{password=<masked>}
2024-05-05T01:02:55.924+09:00 DEBUG 177308 --- [demo3] [           main] com.zaxxer.hikari.HikariConfig           : driverClassName................."com.mysql.cj.jdbc.Driver"
2024-05-05T01:02:55.924+09:00 DEBUG 177308 --- [demo3] [           main] com.zaxxer.hikari.HikariConfig           : exceptionOverrideClassName......none
2024-05-05T01:02:55.925+09:00 DEBUG 177308 --- [demo3] [           main] com.zaxxer.hikari.HikariConfig           : healthCheckProperties...........{}
2024-05-05T01:02:55.925+09:00 DEBUG 177308 --- [demo3] [           main] com.zaxxer.hikari.HikariConfig           : healthCheckRegistry.............none
2024-05-05T01:02:55.926+09:00 DEBUG 177308 --- [demo3] [           main] com.zaxxer.hikari.HikariConfig           : idleTimeout.....................600000
2024-05-05T01:02:55.926+09:00 DEBUG 177308 --- [demo3] [           main] com.zaxxer.hikari.HikariConfig           : initializationFailTimeout.......1
2024-05-05T01:02:55.928+09:00 DEBUG 177308 --- [demo3] [           main] com.zaxxer.hikari.HikariConfig           : isolateInternalQueries..........false
2024-05-05T01:02:55.929+09:00 DEBUG 177308 --- [demo3] [           main] com.zaxxer.hikari.HikariConfig           : jdbcUrl.........................jdbc:mysql://database-2.cfi262g2eekx.ap-northeast-2.rds.amazonaws.com:3306/Tongue?serverTimezone=UTC&useUniCode=yes&characterEncoding=UTF-8
2024-05-05T01:02:55.929+09:00 DEBUG 177308 --- [demo3] [           main] com.zaxxer.hikari.HikariConfig           : keepaliveTime...................0
2024-05-05T01:02:55.929+09:00 DEBUG 177308 --- [demo3] [           main] com.zaxxer.hikari.HikariConfig           : leakDetectionThreshold..........0
2024-05-05T01:02:55.929+09:00 DEBUG 177308 --- [demo3] [           main] com.zaxxer.hikari.HikariConfig           : maxLifetime.....................1800000
2024-05-05T01:02:55.929+09:00 DEBUG 177308 --- [demo3] [           main] com.zaxxer.hikari.HikariConfig           : maximumPoolSize.................50
2024-05-05T01:02:55.929+09:00 DEBUG 177308 --- [demo3] [           main] com.zaxxer.hikari.HikariConfig           : metricRegistry..................none
2024-05-05T01:02:55.929+09:00 DEBUG 177308 --- [demo3] [           main] com.zaxxer.hikari.HikariConfig           : metricsTrackerFactory...........none
2024-05-05T01:02:55.930+09:00 DEBUG 177308 --- [demo3] [           main] com.zaxxer.hikari.HikariConfig           : minimumIdle.....................50
2024-05-05T01:02:55.930+09:00 DEBUG 177308 --- [demo3] [           main] com.zaxxer.hikari.HikariConfig           : password........................<masked>
2024-05-05T01:02:55.930+09:00 DEBUG 177308 --- [demo3] [           main] com.zaxxer.hikari.HikariConfig           : poolName........................"hikari-pool"
2024-05-05T01:02:55.931+09:00 DEBUG 177308 --- [demo3] [           main] com.zaxxer.hikari.HikariConfig           : readOnly........................false
2024-05-05T01:02:55.931+09:00 DEBUG 177308 --- [demo3] [           main] com.zaxxer.hikari.HikariConfig           : registerMbeans..................false
2024-05-05T01:02:55.931+09:00 DEBUG 177308 --- [demo3] [           main] com.zaxxer.hikari.HikariConfig           : scheduledExecutor...............none
2024-05-05T01:02:55.932+09:00 DEBUG 177308 --- [demo3] [           main] com.zaxxer.hikari.HikariConfig           : schema..........................none
2024-05-05T01:02:55.932+09:00 DEBUG 177308 --- [demo3] [           main] com.zaxxer.hikari.HikariConfig           : threadFactory...................internal
2024-05-05T01:02:55.932+09:00 DEBUG 177308 --- [demo3] [           main] com.zaxxer.hikari.HikariConfig           : transactionIsolation............default
2024-05-05T01:02:55.933+09:00 DEBUG 177308 --- [demo3] [           main] com.zaxxer.hikari.HikariConfig           : username........................"admin"
2024-05-05T01:02:55.933+09:00 DEBUG 177308 --- [demo3] [           main] com.zaxxer.hikari.HikariConfig           : validationTimeout...............5000
2024-05-05T01:02:55.936+09:00  INFO 177308 --- [demo3] [           main] com.zaxxer.hikari.HikariDataSource       : hikari-pool - Starting...
2024-05-05T01:02:56.800+09:00  INFO 177308 --- [demo3] [           main] com.zaxxer.hikari.pool.HikariPool        : hikari-pool - Added connection com.mysql.cj.jdbc.ConnectionImpl@4a6c0f38
2024-05-05T01:02:56.805+09:00  INFO 177308 --- [demo3] [           main] com.zaxxer.hikari.HikariDataSource       : hikari-pool - Start completed.
HikariDataSource (hikari-pool)
2024-05-05T01:02:56.909+09:00 DEBUG 177308 --- [demo3] [ool housekeeper] com.zaxxer.hikari.pool.HikariPool        : hikari-pool - Pool stats (total=1, active=0, idle=1, waiting=0)
2024-05-05T01:02:57.037+09:00 DEBUG 177308 --- [demo3] [onnection adder] com.zaxxer.hikari.pool.HikariPool        : hikari-pool - Added connection com.mysql.cj.jdbc.ConnectionImpl@46728f01
2024-05-05T01:02:57.155+09:00 DEBUG 177308 --- [demo3] [onnection adder] com.zaxxer.hikari.pool.HikariPool        : hikari-pool - Added connection com.mysql.cj.jdbc.ConnectionImpl@45d43b35
2024-05-05T01:02:57.257+09:00 DEBUG 177308 --- [demo3] [onnection adder] com.zaxxer.hikari.pool.HikariPool        : hikari-pool - Added connection com.mysql.cj.jdbc.ConnectionImpl@3394909c
2024-05-05T01:02:57.364+09:00 DEBUG 177308 --- [demo3] [onnection adder] com.zaxxer.hikari.pool.HikariPool        : hikari-pool - Added connection com.mysql.cj.jdbc.ConnectionImpl@3691c487
2024-05-05T01:02:57.475+09:00 DEBUG 177308 --- [demo3] [onnection adder] com.zaxxer.hikari.pool.HikariPool        : hikari-pool - Added connection com.mysql.cj.jdbc.ConnectionImpl@5f360560
2024-05-05T01:02:57.622+09:00 DEBUG 177308 --- [demo3] [onnection adder] com.zaxxer.hikari.pool.HikariPool        : hikari-pool - Added connection com.mysql.cj.jdbc.ConnectionImpl@18e6501e
2024-05-05T01:02:57.741+09:00 DEBUG 177308 --- [demo3] [onnection adder] com.zaxxer.hikari.pool.HikariPool        : hikari-pool - Added connection com.mysql.cj.jdbc.ConnectionImpl@58052721
2024-05-05T01:02:57.812+09:00  INFO 177308 --- [demo3] [           main] o.s.s.web.DefaultSecurityFilterChain     : Will secure any request with [org.springframework.security.web.session.DisableEncodeUrlFilter@203765b2, org.springframework.security.web.context.request.async.WebAsyncManagerIntegrationFilter@7e050be1, org.springframework.security.web.context.SecurityContextHolderFilter@7534785a, org.springframework.security.web.header.HeaderWriterFilter@236861da, org.springframework.web.filter.CorsFilter@1b47b7f5, org.springframework.security.web.authentication.logout.LogoutFilter@9f9146d, com.example.demo.jwt.JWTFilter@506aa618, com.example.demo.jwt.LoginFilter@4b6b5352, org.springframework.security.web.savedrequest.RequestCacheAwareFilter@3ba3f40d, org.springframework.security.web.servletapi.SecurityContextHolderAwareRequestFilter@108b121f, org.springframework.security.web.authentication.AnonymousAuthenticationFilter@1d6713dd, org.springframework.security.web.session.SessionManagementFilter@2cd3fc29, org.springframework.security.web.access.ExceptionTranslationFilter@77ce88c4, org.springframework.security.web.access.intercept.AuthorizationFilter@a9a8ec3]
2024-05-05T01:02:57.872+09:00 DEBUG 177308 --- [demo3] [onnection adder] com.zaxxer.hikari.pool.HikariPool        : hikari-pool - Added connection com.mysql.cj.jdbc.ConnectionImpl@6a95129
2024-05-05T01:02:57.983+09:00 DEBUG 177308 --- [demo3] [onnection adder] com.zaxxer.hikari.pool.HikariPool        : hikari-pool - Added connection com.mysql.cj.jdbc.ConnectionImpl@776c0741
2024-05-05T01:02:58.084+09:00 DEBUG 177308 --- [demo3] [onnection adder] com.zaxxer.hikari.pool.HikariPool        : hikari-pool - Added connection com.mysql.cj.jdbc.ConnectionImpl@61698d0
2024-05-05T01:02:58.199+09:00 DEBUG 177308 --- [demo3] [onnection adder] com.zaxxer.hikari.pool.HikariPool        : hikari-pool - Added connection com.mysql.cj.jdbc.ConnectionImpl@712364fd
2024-05-05T01:02:58.316+09:00 DEBUG 177308 --- [demo3] [onnection adder] com.zaxxer.hikari.pool.HikariPool        : hikari-pool - Added connection com.mysql.cj.jdbc.ConnectionImpl@50ea1e9f
2024-05-05T01:02:58.430+09:00  INFO 177308 --- [demo3] [           main] com.example.demo.Demo3ApplicationTests   : Started Demo3ApplicationTests in 5.24 seconds (process running for 6.981)
2024-05-05T01:02:58.464+09:00 DEBUG 177308 --- [demo3] [onnection adder] com.zaxxer.hikari.pool.HikariPool        : hikari-pool - Added connection com.mysql.cj.jdbc.ConnectionImpl@3a34110d
2024-05-05T01:02:58.595+09:00 DEBUG 177308 --- [demo3] [onnection adder] com.zaxxer.hikari.pool.HikariPool        : hikari-pool - Added connection com.mysql.cj.jdbc.ConnectionImpl@6b9ffa50
2024-05-05T01:02:58.725+09:00 DEBUG 177308 --- [demo3] [onnection adder] com.zaxxer.hikari.pool.HikariPool        : hikari-pool - Added connection com.mysql.cj.jdbc.ConnectionImpl@4f232823
2024-05-05T01:02:58.863+09:00 DEBUG 177308 --- [demo3] [onnection adder] com.zaxxer.hikari.pool.HikariPool        : hikari-pool - Added connection com.mysql.cj.jdbc.ConnectionImpl@1693264
2024-05-05T01:02:58.990+09:00 DEBUG 177308 --- [demo3] [onnection adder] com.zaxxer.hikari.pool.HikariPool        : hikari-pool - Added connection com.mysql.cj.jdbc.ConnectionImpl@39d177b8
2024-05-05T01:02:59.115+09:00 DEBUG 177308 --- [demo3] [onnection adder] com.zaxxer.hikari.pool.HikariPool        : hikari-pool - Added connection com.mysql.cj.jdbc.ConnectionImpl@44892f8e
2024-05-05T01:02:59.234+09:00 DEBUG 177308 --- [demo3] [onnection adder] com.zaxxer.hikari.pool.HikariPool        : hikari-pool - Added connection com.mysql.cj.jdbc.ConnectionImpl@519d4d3e
2024-05-05T01:02:59.340+09:00 DEBUG 177308 --- [demo3] [onnection adder] com.zaxxer.hikari.pool.HikariPool        : hikari-pool - Added connection com.mysql.cj.jdbc.ConnectionImpl@79198fc7
2024-05-05T01:02:59.452+09:00 DEBUG 177308 --- [demo3] [onnection adder] com.zaxxer.hikari.pool.HikariPool        : hikari-pool - Added connection com.mysql.cj.jdbc.ConnectionImpl@79946ea8
2024-05-05T01:02:59.545+09:00 DEBUG 177308 --- [demo3] [onnection adder] com.zaxxer.hikari.pool.HikariPool        : hikari-pool - Added connection com.mysql.cj.jdbc.ConnectionImpl@7bfd65ba
2024-05-05T01:02:59.650+09:00 DEBUG 177308 --- [demo3] [onnection adder] com.zaxxer.hikari.pool.HikariPool        : hikari-pool - Added connection com.mysql.cj.jdbc.ConnectionImpl@1a3cfe6e
2024-05-05T01:02:59.779+09:00 DEBUG 177308 --- [demo3] [onnection adder] com.zaxxer.hikari.pool.HikariPool        : hikari-pool - Added connection com.mysql.cj.jdbc.ConnectionImpl@76516fbe
2024-05-05T01:02:59.923+09:00 DEBUG 177308 --- [demo3] [onnection adder] com.zaxxer.hikari.pool.HikariPool        : hikari-pool - Added connection com.mysql.cj.jdbc.ConnectionImpl@59cc18b7
]]></system-out>
  </testcase>
</testsuite>